[INFO][main][2019-06-04 14:52:39][org.springframework.context.support.AbstractApplicationContext] - Refreshing org.springframework.context.support.ClassPathXmlApplicationContext@69222c14: startup date [Tue Jun 04 14:52:39 CST 2019]; root of context hierarchy
[INFO][main][2019-06-04 14:52:39][org.springframework.beans.factory.xml.XmlBeanDefinitionReader] - Loading XML bean definitions from class path resource [bean.xml]
[INFO][main][2019-06-04 15:06:22][org.springframework.context.support.AbstractApplicationContext] - Refreshing org.springframework.context.support.ClassPathXmlApplicationContext@606d8acf: startup date [Tue Jun 04 15:06:22 CST 2019]; root of context hierarchy
[INFO][main][2019-06-04 15:06:22][org.springframework.beans.factory.xml.XmlBeanDefinitionReader] - Loading XML bean definitions from class path resource [com/ssm/hq/bean/bean.xml]
[INFO][main][2019-06-04 15:06:43][org.springframework.context.support.AbstractApplicationContext] - Refreshing org.springframework.context.support.ClassPathXmlApplicationContext@606d8acf: startup date [Tue Jun 04 15:06:43 CST 2019]; root of context hierarchy
[INFO][main][2019-06-04 15:06:43][org.springframework.beans.factory.xml.XmlBeanDefinitionReader] - Loading XML bean definitions from class path resource [com/ssm/hq/bean/bean.xml]
[INFO][main][2019-06-04 15:07:01][org.springframework.context.support.AbstractApplicationContext] - Refreshing org.springframework.context.support.ClassPathXmlApplicationContext@69222c14: startup date [Tue Jun 04 15:07:01 CST 2019]; root of context hierarchy
[INFO][main][2019-06-04 15:07:01][org.springframework.beans.factory.xml.XmlBeanDefinitionReader] - Loading XML bean definitions from class path resource [bean.xml]
[INFO][main][2019-06-04 15:12:45][org.springframework.context.support.AbstractApplicationContext] - Refreshing org.springframework.context.support.ClassPathXmlApplicationContext@69222c14: startup date [Tue Jun 04 15:12:45 CST 2019]; root of context hierarchy
[INFO][main][2019-06-04 15:12:45][org.springframework.beans.factory.xml.XmlBeanDefinitionReader] - Loading XML bean definitions from class path resource [bean.xml]
[INFO][main][2019-06-04 15:13:40][org.springframework.context.support.AbstractApplicationContext] - Refreshing org.springframework.context.support.ClassPathXmlApplicationContext@69222c14: startup date [Tue Jun 04 15:13:40 CST 2019]; root of context hierarchy
[INFO][main][2019-06-04 15:13:40][org.springframework.beans.factory.xml.XmlBeanDefinitionReader] - Loading XML bean definitions from class path resource [bean.xml]
[INFO][main][2019-06-04 15:14:47][org.springframework.context.support.AbstractApplicationContext] - Refreshing org.springframework.context.support.ClassPathXmlApplicationContext@69222c14: startup date [Tue Jun 04 15:14:47 CST 2019]; root of context hierarchy
[INFO][main][2019-06-04 15:14:47][org.springframework.beans.factory.xml.XmlBeanDefinitionReader] - Loading XML bean definitions from class path resource [QyWeiXin.xml]
[INFO][main][2019-06-04 15:17:57][org.springframework.context.support.AbstractApplicationContext] - Refreshing org.springframework.context.support.ClassPathXmlApplicationContext@69222c14: startup date [Tue Jun 04 15:17:57 CST 2019]; root of context hierarchy
[INFO][main][2019-06-04 15:17:57][org.springframework.beans.factory.xml.XmlBeanDefinitionReader] - Loading XML bean definitions from class path resource [QyWeiXin.xml]
[INFO][main][2019-06-04 15:20:31][org.springframework.context.support.AbstractApplicationContext] - Refreshing org.springframework.context.support.ClassPathXmlApplicationContext@69222c14: startup date [Tue Jun 04 15:20:31 CST 2019]; root of context hierarchy
[INFO][main][2019-06-04 15:20:31][org.springframework.beans.factory.xml.XmlBeanDefinitionReader] - Loading XML bean definitions from class path resource [QyWeiXin.xml]
[INFO][main][2019-06-04 15:23:48][org.springframework.context.support.AbstractApplicationContext] - Refreshing org.springframework.context.support.ClassPathXmlApplicationContext@69222c14: startup date [Tue Jun 04 15:23:48 CST 2019]; root of context hierarchy
[INFO][main][2019-06-04 15:23:48][org.springframework.beans.factory.xml.XmlBeanDefinitionReader] - Loading XML bean definitions from class path resource [QyWeiXin.xml]
[INFO][main][2019-06-04 15:24:15][org.springframework.context.support.AbstractApplicationContext] - Refreshing org.springframework.context.support.ClassPathXmlApplicationContext@69222c14: startup date [Tue Jun 04 15:24:15 CST 2019]; root of context hierarchy
[INFO][main][2019-06-04 15:24:15][org.springframework.beans.factory.xml.XmlBeanDefinitionReader] - Loading XML bean definitions from class path resource [QyWeiXin.xml]
[INFO][main][2019-06-04 15:24:45][org.springframework.context.support.AbstractApplicationContext] - Refreshing org.springframework.context.support.ClassPathXmlApplicationContext@69222c14: startup date [Tue Jun 04 15:24:45 CST 2019]; root of context hierarchy
[INFO][main][2019-06-04 15:24:45][org.springframework.beans.factory.xml.XmlBeanDefinitionReader] - Loading XML bean definitions from class path resource [QyWeiXin.xml]
[INFO][main][2019-06-04 15:43:34][org.springframework.context.support.AbstractApplicationContext] - Refreshing org.springframework.context.support.ClassPathXmlApplicationContext@69222c14: startup date [Tue Jun 04 15:43:34 CST 2019]; root of context hierarchy
[INFO][main][2019-06-04 15:43:34][org.springframework.beans.factory.xml.XmlBeanDefinitionReader] - Loading XML bean definitions from class path resource [QyWeiXin.xml]
[INFO][main][2019-06-04 15:53:02][org.springframework.context.support.AbstractApplicationContext] - Refreshing org.springframework.context.support.ClassPathXmlApplicationContext@69222c14: startup date [Tue Jun 04 15:53:02 CST 2019]; root of context hierarchy
[INFO][main][2019-06-04 15:53:02][org.springframework.beans.factory.xml.XmlBeanDefinitionReader] - Loading XML bean definitions from class path resource [QyWeiXin.xml]
[INFO][main][2019-06-04 15:56:59][org.springframework.context.support.AbstractApplicationContext] - Refreshing org.springframework.context.support.ClassPathXmlApplicationContext@606d8acf: startup date [Tue Jun 04 15:56:59 CST 2019]; root of context hierarchy
[INFO][main][2019-06-04 15:56:59][org.springframework.beans.factory.xml.XmlBeanDefinitionReader] - Loading XML bean definitions from class path resource [QyWeiXin.xml]
[INFO][main][2019-06-04 16:00:06][org.springframework.context.support.AbstractApplicationContext] - Refreshing org.springframework.context.support.ClassPathXmlApplicationContext@606d8acf: startup date [Tue Jun 04 16:00:06 CST 2019]; root of context hierarchy
[INFO][main][2019-06-04 16:00:06][org.springframework.beans.factory.xml.XmlBeanDefinitionReader] - Loading XML bean definitions from class path resource [QyWeiXin.xml]
[INFO][main][2019-06-04 16:00:35][org.springframework.context.support.AbstractApplicationContext] - Refreshing org.springframework.context.support.ClassPathXmlApplicationContext@69222c14: startup date [Tue Jun 04 16:00:35 CST 2019]; root of context hierarchy
[INFO][main][2019-06-04 16:00:35][org.springframework.beans.factory.xml.XmlBeanDefinitionReader] - Loading XML bean definitions from class path resource [QyWeiXin.xml]
[INFO][main][2019-06-04 16:03:51][org.springframework.context.support.AbstractApplicationContext] - Refreshing org.springframework.context.support.ClassPathXmlApplicationContext@69222c14: startup date [Tue Jun 04 16:03:51 CST 2019]; root of context hierarchy
[INFO][main][2019-06-04 16:03:51][org.springframework.beans.factory.xml.XmlBeanDefinitionReader] - Loading XML bean definitions from class path resource [QyWeiXin.xml]
[INFO][main][2019-06-04 16:06:05][org.springframework.context.support.AbstractApplicationContext] - Refreshing org.springframework.context.support.ClassPathXmlApplicationContext@69222c14: startup date [Tue Jun 04 16:06:05 CST 2019]; root of context hierarchy
[INFO][main][2019-06-04 16:06:05][org.springframework.beans.factory.xml.XmlBeanDefinitionReader] - Loading XML bean definitions from class path resource [QyWeiXin.xml]
[INFO][main][2019-06-04 16:11:58][org.springframework.context.support.AbstractApplicationContext] - Refreshing org.springframework.context.support.ClassPathXmlApplicationContext@721e0f4f: startup date [Tue Jun 04 16:11:58 CST 2019]; root of context hierarchy
[INFO][main][2019-06-04 16:11:58][org.springframework.beans.factory.xml.XmlBeanDefinitionReader] - Loading XML bean definitions from class path resource [QyWeiXin.xml]
[INFO][main][2019-06-04 16:12:10][org.springframework.context.support.AbstractApplicationContext] - Refreshing org.springframework.context.support.ClassPathXmlApplicationContext@721e0f4f: startup date [Tue Jun 04 16:12:10 CST 2019]; root of context hierarchy
[INFO][main][2019-06-04 16:12:10][org.springframework.beans.factory.xml.XmlBeanDefinitionReader] - Loading XML bean definitions from class path resource [QyWeiXin.xml]
[INFO][main][2019-06-04 16:12:57][org.springframework.context.support.AbstractApplicationContext] - Refreshing org.springframework.context.support.ClassPathXmlApplicationContext@721e0f4f: startup date [Tue Jun 04 16:12:57 CST 2019]; root of context hierarchy
[INFO][main][2019-06-04 16:12:57][org.springframework.beans.factory.xml.XmlBeanDefinitionReader] - Loading XML bean definitions from class path resource [QyWeiXin.xml]
[INFO][main][2019-06-04 16:44:55][org.springframework.context.support.AbstractApplicationContext] - Refreshing org.springframework.context.support.ClassPathXmlApplicationContext@721e0f4f: startup date [Tue Jun 04 16:44:55 CST 2019]; root of context hierarchy
[INFO][main][2019-06-04 16:44:55][org.springframework.beans.factory.xml.XmlBeanDefinitionReader] - Loading XML bean definitions from class path resource [QyWeiXin.xml]
[INFO][main][2019-06-04 16:44:55][org.springframework.context.support.AbstractApplicationContext] - Refreshing org.springframework.context.annotation.AnnotationConfigApplicationContext@4bb4de6a: startup date [Tue Jun 04 16:44:55 CST 2019]; root of context hierarchy
[INFO][main][2019-06-04 16:44:55][org.springframework.beans.factory.annotation.AutowiredAnnotationBeanPostProcessor] - JSR-330 'javax.inject.Inject' annotation found and supported for autowiring
[INFO][main][2019-06-04 17:21:34][org.springframework.context.support.AbstractApplicationContext] - Refreshing org.springframework.context.support.ClassPathXmlApplicationContext@35851384: startup date [Tue Jun 04 17:21:34 CST 2019]; root of context hierarchy
[INFO][main][2019-06-04 17:21:34][org.springframework.beans.factory.xml.XmlBeanDefinitionReader] - Loading XML bean definitions from class path resource [QyWeiXin.xml]
[INFO][main][2019-06-04 17:22:20][org.springframework.context.support.AbstractApplicationContext] - Refreshing org.springframework.context.support.ClassPathXmlApplicationContext@35851384: startup date [Tue Jun 04 17:22:20 CST 2019]; root of context hierarchy
[INFO][main][2019-06-04 17:22:20][org.springframework.beans.factory.xml.XmlBeanDefinitionReader] - Loading XML bean definitions from class path resource [QyWeiXin.xml]
[INFO][main][2019-06-04 17:22:41][org.springframework.context.support.AbstractApplicationContext] - Refreshing org.springframework.context.support.ClassPathXmlApplicationContext@35851384: startup date [Tue Jun 04 17:22:41 CST 2019]; root of context hierarchy
[INFO][main][2019-06-04 17:22:41][org.springframework.beans.factory.xml.XmlBeanDefinitionReader] - Loading XML bean definitions from class path resource [QyWeiXin.xml]
[INFO][main][2019-06-04 17:23:03][org.springframework.context.support.AbstractApplicationContext] - Refreshing org.springframework.context.support.ClassPathXmlApplicationContext@35851384: startup date [Tue Jun 04 17:23:03 CST 2019]; root of context hierarchy
[INFO][main][2019-06-04 17:23:03][org.springframework.beans.factory.xml.XmlBeanDefinitionReader] - Loading XML bean definitions from class path resource [QyWeiXin.xml]
[INFO][main][2019-06-04 17:23:16][org.springframework.context.support.AbstractApplicationContext] - Refreshing org.springframework.context.support.ClassPathXmlApplicationContext@35851384: startup date [Tue Jun 04 17:23:16 CST 2019]; root of context hierarchy
[INFO][main][2019-06-04 17:23:16][org.springframework.beans.factory.xml.XmlBeanDefinitionReader] - Loading XML bean definitions from class path resource [QyWeiXin.xml]
[INFO][main][2019-06-04 17:24:36][org.springframework.context.support.AbstractApplicationContext] - Refreshing org.springframework.context.support.ClassPathXmlApplicationContext@35851384: startup date [Tue Jun 04 17:24:36 CST 2019]; root of context hierarchy
[INFO][main][2019-06-04 17:24:36][org.springframework.beans.factory.xml.XmlBeanDefinitionReader] - Loading XML bean definitions from class path resource [QyWeiXin.xml]
[INFO][main][2019-06-04 17:28:49][org.springframework.context.support.AbstractApplicationContext] - Refreshing org.springframework.context.support.ClassPathXmlApplicationContext@1b40d5f0: startup date [Tue Jun 04 17:28:49 CST 2019]; root of context hierarchy
[INFO][main][2019-06-04 17:28:49][org.springframework.beans.factory.xml.XmlBeanDefinitionReader] - Loading XML bean definitions from class path resource [QyWeiXin.xml]
[INFO][main][2019-06-04 17:29:26][org.springframework.context.support.AbstractApplicationContext] - Refreshing org.springframework.context.support.ClassPathXmlApplicationContext@1b40d5f0: startup date [Tue Jun 04 17:29:26 CST 2019]; root of context hierarchy
[INFO][main][2019-06-04 17:29:26][org.springframework.beans.factory.xml.XmlBeanDefinitionReader] - Loading XML bean definitions from class path resource [QyWeiXin.xml]
[INFO][main][2019-06-04 17:34:09][org.springframework.context.support.AbstractApplicationContext] - Refreshing org.springframework.context.support.ClassPathXmlApplicationContext@1b40d5f0: startup date [Tue Jun 04 17:34:09 CST 2019]; root of context hierarchy
[INFO][main][2019-06-04 17:34:10][org.springframework.beans.factory.xml.XmlBeanDefinitionReader] - Loading XML bean definitions from class path resource [QyWeiXin.xml]
[INFO][main][2019-06-04 17:35:05][org.springframework.context.support.AbstractApplicationContext] - Refreshing org.springframework.context.support.ClassPathXmlApplicationContext@19bb089b: startup date [Tue Jun 04 17:35:05 CST 2019]; root of context hierarchy
[INFO][main][2019-06-04 17:35:05][org.springframework.beans.factory.xml.XmlBeanDefinitionReader] - Loading XML bean definitions from class path resource [QyWeiXin.xml]
[INFO][main][2019-06-04 17:36:54][org.springframework.context.support.AbstractApplicationContext] - Refreshing org.springframework.context.support.ClassPathXmlApplicationContext@47f37ef1: startup date [Tue Jun 04 17:36:54 CST 2019]; root of context hierarchy
[INFO][main][2019-06-04 17:36:54][org.springframework.beans.factory.xml.XmlBeanDefinitionReader] - Loading XML bean definitions from class path resource [QyWeiXin.xml]
[INFO][main][2019-06-04 17:37:45][org.springframework.context.support.AbstractApplicationContext] - Refreshing org.springframework.context.support.ClassPathXmlApplicationContext@19bb089b: startup date [Tue Jun 04 17:37:45 CST 2019]; root of context hierarchy
[INFO][main][2019-06-04 17:37:45][org.springframework.beans.factory.xml.XmlBeanDefinitionReader] - Loading XML bean definitions from class path resource [QyWeiXin.xml]
[INFO][main][2019-06-04 17:41:47][org.springframework.context.support.AbstractApplicationContext] - Refreshing org.springframework.context.support.ClassPathXmlApplicationContext@19bb089b: startup date [Tue Jun 04 17:41:47 CST 2019]; root of context hierarchy
[INFO][main][2019-06-04 17:41:47][org.springframework.beans.factory.xml.XmlBeanDefinitionReader] - Loading XML bean definitions from class path resource [QyWeiXin.xml]
[INFO][main][2019-06-04 17:43:50][org.springframework.context.support.AbstractApplicationContext] - Refreshing org.springframework.context.support.ClassPathXmlApplicationContext@19bb089b: startup date [Tue Jun 04 17:43:50 CST 2019]; root of context hierarchy
[INFO][main][2019-06-04 17:43:50][org.springframework.beans.factory.xml.XmlBeanDefinitionReader] - Loading XML bean definitions from class path resource [QyWeiXin.xml]
[INFO][main][2019-06-04 17:45:07][org.springframework.context.support.AbstractApplicationContext] - Refreshing org.springframework.context.support.ClassPathXmlApplicationContext@19bb089b: startup date [Tue Jun 04 17:45:07 CST 2019]; root of context hierarchy
[INFO][main][2019-06-04 17:45:07][org.springframework.beans.factory.xml.XmlBeanDefinitionReader] - Loading XML bean definitions from class path resource [QyWeiXin.xml]
[INFO][main][2019-06-04 17:46:43][org.springframework.context.support.AbstractApplicationContext] - Refreshing org.springframework.context.support.ClassPathXmlApplicationContext@1b40d5f0: startup date [Tue Jun 04 17:46:43 CST 2019]; root of context hierarchy
[INFO][main][2019-06-04 17:46:44][org.springframework.beans.factory.xml.XmlBeanDefinitionReader] - Loading XML bean definitions from class path resource [QyWeiXin.xml]
[INFO][main][2019-06-04 17:47:33][org.springframework.context.support.AbstractApplicationContext] - Refreshing org.springframework.context.support.ClassPathXmlApplicationContext@1b40d5f0: startup date [Tue Jun 04 17:47:33 CST 2019]; root of context hierarchy
[INFO][main][2019-06-04 17:47:33][org.springframework.beans.factory.xml.XmlBeanDefinitionReader] - Loading XML bean definitions from class path resource [QyWeiXin.xml]
[INFO][main][2019-06-04 17:48:27][org.springframework.context.support.AbstractApplicationContext] - Refreshing org.springframework.context.support.ClassPathXmlApplicationContext@1b40d5f0: startup date [Tue Jun 04 17:48:27 CST 2019]; root of context hierarchy
[INFO][main][2019-06-04 17:48:27][org.springframework.beans.factory.xml.XmlBeanDefinitionReader] - Loading XML bean definitions from class path resource [QyWeiXin.xml]
[INFO][main][2019-06-04 17:49:13][org.springframework.context.support.AbstractApplicationContext] - Refreshing org.springframework.context.support.ClassPathXmlApplicationContext@1b40d5f0: startup date [Tue Jun 04 17:49:13 CST 2019]; root of context hierarchy
[INFO][main][2019-06-04 17:49:14][org.springframework.beans.factory.xml.XmlBeanDefinitionReader] - Loading XML bean definitions from class path resource [QyWeiXin.xml]
[INFO][main][2019-06-04 22:06:29][org.springframework.context.support.AbstractApplicationContext] - Refreshing org.springframework.context.support.ClassPathXmlApplicationContext@256216b3: startup date [Tue Jun 04 22:06:29 CST 2019]; root of context hierarchy
[INFO][main][2019-06-04 22:06:29][org.springframework.beans.factory.xml.XmlBeanDefinitionReader] - Loading XML bean definitions from class path resource [QyWeiXin.xml]
[INFO][main][2019-06-04 22:14:18][org.springframework.context.support.AbstractApplicationContext] - Refreshing org.springframework.context.support.ClassPathXmlApplicationContext@2473b9ce: startup date [Tue Jun 04 22:14:18 CST 2019]; root of context hierarchy
[INFO][main][2019-06-04 22:14:18][org.springframework.beans.factory.xml.XmlBeanDefinitionReader] - Loading XML bean definitions from class path resource [QyWeiXin.xml]
[INFO][main][2019-06-05 08:19:53][org.springframework.context.support.AbstractApplicationContext] - Refreshing org.springframework.context.support.ClassPathXmlApplicationContext@1b40d5f0: startup date [Wed Jun 05 08:19:53 CST 2019]; root of context hierarchy
[INFO][main][2019-06-05 08:19:53][org.springframework.beans.factory.xml.XmlBeanDefinitionReader] - Loading XML bean definitions from class path resource [QyWeiXin.xml]
[INFO][main][2019-06-05 09:22:58][org.springframework.context.support.AbstractApplicationContext] - Refreshing org.springframework.context.support.ClassPathXmlApplicationContext@1b40d5f0: startup date [Wed Jun 05 09:22:58 CST 2019]; root of context hierarchy
[INFO][main][2019-06-05 09:22:59][org.springframework.beans.factory.xml.XmlBeanDefinitionReader] - Loading XML bean definitions from class path resource [QyWeiXin.xml]
[INFO][main][2019-06-05 09:23:36][org.springframework.context.support.AbstractApplicationContext] - Refreshing org.springframework.context.support.ClassPathXmlApplicationContext@1b40d5f0: startup date [Wed Jun 05 09:23:36 CST 2019]; root of context hierarchy
[INFO][main][2019-06-05 09:23:36][org.springframework.beans.factory.xml.XmlBeanDefinitionReader] - Loading XML bean definitions from class path resource [QyWeiXin.xml]
[INFO][main][2019-06-05 09:34:06][org.springframework.context.support.AbstractApplicationContext] - Refreshing org.springframework.context.support.ClassPathXmlApplicationContext@1fbc7afb: startup date [Wed Jun 05 09:34:06 CST 2019]; root of context hierarchy
[INFO][main][2019-06-05 09:34:06][org.springframework.beans.factory.xml.XmlBeanDefinitionReader] - Loading XML bean definitions from class path resource [QyWeiXin.xml]
[INFO][main][2019-06-05 09:46:44][org.springframework.context.support.AbstractApplicationContext] - Refreshing org.springframework.context.support.ClassPathXmlApplicationContext@45c8e616: startup date [Wed Jun 05 09:46:44 CST 2019]; root of context hierarchy
[INFO][main][2019-06-05 09:46:44][org.springframework.beans.factory.xml.XmlBeanDefinitionReader] - Loading XML bean definitions from class path resource [QyWeiXin.xml]
[INFO][main][2019-06-05 09:48:01][org.springframework.context.support.AbstractApplicationContext] - Refreshing org.springframework.context.support.ClassPathXmlApplicationContext@45c8e616: startup date [Wed Jun 05 09:48:01 CST 2019]; root of context hierarchy
[INFO][main][2019-06-05 09:48:01][org.springframework.beans.factory.xml.XmlBeanDefinitionReader] - Loading XML bean definitions from class path resource [QyWeiXin.xml]
[INFO][main][2019-06-05 10:35:40][org.springframework.context.support.AbstractApplicationContext] - Refreshing org.springframework.context.support.ClassPathXmlApplicationContext@45c8e616: startup date [Wed Jun 05 10:35:40 CST 2019]; root of context hierarchy
[INFO][main][2019-06-05 10:35:40][org.springframework.beans.factory.xml.XmlBeanDefinitionReader] - Loading XML bean definitions from class path resource [QyWeiXin.xml]
[INFO][main][2019-06-12 09:53:31][org.springframework.test.context.support.AbstractTestContextBootstrapper] - Loaded default TestExecutionListener class names from location [META-INF/spring.factories]: [org.springframework.test.context.web.ServletTestExecutionListener, org.springframework.test.context.support.DirtiesContextBeforeModesTestExecutionListener, org.springframework.test.context.support.DependencyInjectionTestExecutionListener, org.springframework.test.context.support.DirtiesContextTestExecutionListener, org.springframework.test.context.transaction.TransactionalTestExecutionListener, org.springframework.test.context.jdbc.SqlScriptsTestExecutionListener]
[INFO][main][2019-06-12 09:53:31][org.springframework.test.context.support.AbstractTestContextBootstrapper] - Using TestExecutionListeners: [org.springframework.test.context.web.ServletTestExecutionListener@6500df86, org.springframework.test.context.support.DirtiesContextBeforeModesTestExecutionListener@402a079c, org.springframework.test.context.support.DependencyInjectionTestExecutionListener@59ec2012, org.springframework.test.context.support.DirtiesContextTestExecutionListener@4cf777e8, org.springframework.test.context.transaction.TransactionalTestExecutionListener@2f686d1f, org.springframework.test.context.jdbc.SqlScriptsTestExecutionListener@3fee9989]
[INFO][main][2019-06-12 09:53:32][org.springframework.beans.factory.xml.XmlBeanDefinitionReader] - Loading XML bean definitions from class path resource [spring-mybatis.xml]
[INFO][main][2019-06-12 09:53:32][org.springframework.context.support.AbstractApplicationContext] - Refreshing org.springframework.context.support.GenericApplicationContext@1d16f93d: startup date [Wed Jun 12 09:53:32 CST 2019]; root of context hierarchy
[INFO][main][2019-06-12 09:53:32][org.springframework.core.io.support.PropertiesLoaderSupport] - Loading properties file from class path resource [jdbc.properties]
[INFO][main][2019-06-12 09:53:32][org.springframework.beans.factory.annotation.AutowiredAnnotationBeanPostProcessor] - JSR-330 'javax.inject.Inject' annotation found and supported for autowiring
[ERROR][main][2019-06-12 09:53:33][org.springframework.test.context.TestContextManager] - Caught exception while allowing TestExecutionListener [org.springframework.test.context.support.DependencyInjectionTestExecutionListener@59ec2012] to prepare test instance [testjava.TestOne@7e057f43]
org.springframework.beans.factory.BeanCreationException: Error creating bean with name 'testjava.TestOne': Injection of autowired dependencies failed; nested exception is org.springframework.beans.factory.BeanCreationException: Could not autowire field: private org.mybatis.spring.SqlSessionTemplate testjava.TestOne.sqlSessionTemplate; nested exception is org.springframework.beans.factory.NoSuchBeanDefinitionException: No qualifying bean of type [org.mybatis.spring.SqlSessionTemplate] found for dependency: expected at least 1 bean which qualifies as autowire candidate for this dependency. Dependency annotations: {@org.springframework.beans.factory.annotation.Autowired(required=true)}
	at org.springframework.beans.factory.annotation.AutowiredAnnotationBeanPostProcessor.postProcessPropertyValues(AutowiredAnnotationBeanPostProcessor.java:334)
	at org.springframework.beans.factory.support.AbstractAutowireCapableBeanFactory.populateBean(AbstractAutowireCapableBeanFactory.java:1214)
	at org.springframework.beans.factory.support.AbstractAutowireCapableBeanFactory.autowireBeanProperties(AbstractAutowireCapableBeanFactory.java:385)
	at org.springframework.test.context.support.DependencyInjectionTestExecutionListener.injectDependencies(DependencyInjectionTestExecutionListener.java:118)
	at org.springframework.test.context.support.DependencyInjectionTestExecutionListener.prepareTestInstance(DependencyInjectionTestExecutionListener.java:83)
	at org.springframework.test.context.TestContextManager.prepareTestInstance(TestContextManager.java:228)
	at org.springframework.test.context.junit4.SpringJUnit4ClassRunner.createTest(SpringJUnit4ClassRunner.java:230)
	at org.springframework.test.context.junit4.SpringJUnit4ClassRunner$1.runReflectiveCall(SpringJUnit4ClassRunner.java:289)
	at org.junit.internal.runners.model.ReflectiveCallable.run(ReflectiveCallable.java:12)
	at org.springframework.test.context.junit4.SpringJUnit4ClassRunner.methodBlock(SpringJUnit4ClassRunner.java:291)
	at org.springframework.test.context.junit4.SpringJUnit4ClassRunner.runChild(SpringJUnit4ClassRunner.java:249)
	at org.springframework.test.context.junit4.SpringJUnit4ClassRunner.runChild(SpringJUnit4ClassRunner.java:89)
	at org.junit.runners.ParentRunner$3.run(ParentRunner.java:238)
	at org.junit.runners.ParentRunner$1.schedule(ParentRunner.java:63)
	at org.junit.runners.ParentRunner.runChildren(ParentRunner.java:236)
	at org.junit.runners.ParentRunner.access$000(ParentRunner.java:53)
	at org.junit.runners.ParentRunner$2.evaluate(ParentRunner.java:229)
	at org.springframework.test.context.junit4.statements.RunBeforeTestClassCallbacks.evaluate(RunBeforeTestClassCallbacks.java:61)
	at org.springframework.test.context.junit4.statements.RunAfterTestClassCallbacks.evaluate(RunAfterTestClassCallbacks.java:70)
	at org.junit.runners.ParentRunner.run(ParentRunner.java:309)
	at org.springframework.test.context.junit4.SpringJUnit4ClassRunner.run(SpringJUnit4ClassRunner.java:193)
	at org.junit.runner.JUnitCore.run(JUnitCore.java:160)
	at com.intellij.junit4.JUnit4IdeaTestRunner.startRunnerWithArgs(JUnit4IdeaTestRunner.java:68)
	at com.intellij.rt.execution.junit.IdeaTestRunner$Repeater.startRunnerWithArgs(IdeaTestRunner.java:47)
	at com.intellij.rt.execution.junit.JUnitStarter.prepareStreamsAndStart(JUnitStarter.java:242)
	at com.intellij.rt.execution.junit.JUnitStarter.main(JUnitStarter.java:70)
Caused by: org.springframework.beans.factory.BeanCreationException: Could not autowire field: private org.mybatis.spring.SqlSessionTemplate testjava.TestOne.sqlSessionTemplate; nested exception is org.springframework.beans.factory.NoSuchBeanDefinitionException: No qualifying bean of type [org.mybatis.spring.SqlSessionTemplate] found for dependency: expected at least 1 bean which qualifies as autowire candidate for this dependency. Dependency annotations: {@org.springframework.beans.factory.annotation.Autowired(required=true)}
	at org.springframework.beans.factory.annotation.AutowiredAnnotationBeanPostProcessor$AutowiredFieldElement.inject(AutowiredAnnotationBeanPostProcessor.java:573)
	at org.springframework.beans.factory.annotation.InjectionMetadata.inject(InjectionMetadata.java:88)
	at org.springframework.beans.factory.annotation.AutowiredAnnotationBeanPostProcessor.postProcessPropertyValues(AutowiredAnnotationBeanPostProcessor.java:331)
	... 25 more
Caused by: org.springframework.beans.factory.NoSuchBeanDefinitionException: No qualifying bean of type [org.mybatis.spring.SqlSessionTemplate] found for dependency: expected at least 1 bean which qualifies as autowire candidate for this dependency. Dependency annotations: {@org.springframework.beans.factory.annotation.Autowired(required=true)}
	at org.springframework.beans.factory.support.DefaultListableBeanFactory.raiseNoSuchBeanDefinitionException(DefaultListableBeanFactory.java:1373)
	at org.springframework.beans.factory.support.DefaultListableBeanFactory.doResolveDependency(DefaultListableBeanFactory.java:1119)
	at org.springframework.beans.factory.support.DefaultListableBeanFactory.resolveDependency(DefaultListableBeanFactory.java:1014)
	at org.springframework.beans.factory.annotation.AutowiredAnnotationBeanPostProcessor$AutowiredFieldElement.inject(AutowiredAnnotationBeanPostProcessor.java:545)
	... 27 more
[INFO][Thread-0][2019-06-12 09:53:33][org.springframework.context.support.AbstractApplicationContext] - Closing org.springframework.context.support.GenericApplicationContext@1d16f93d: startup date [Wed Jun 12 09:53:32 CST 2019]; root of context hierarchy
[INFO][main][2019-06-12 09:55:20][org.springframework.test.context.support.AbstractTestContextBootstrapper] - Loaded default TestExecutionListener class names from location [META-INF/spring.factories]: [org.springframework.test.context.web.ServletTestExecutionListener, org.springframework.test.context.support.DirtiesContextBeforeModesTestExecutionListener, org.springframework.test.context.support.DependencyInjectionTestExecutionListener, org.springframework.test.context.support.DirtiesContextTestExecutionListener, org.springframework.test.context.transaction.TransactionalTestExecutionListener, org.springframework.test.context.jdbc.SqlScriptsTestExecutionListener]
[INFO][main][2019-06-12 09:55:20][org.springframework.test.context.support.AbstractTestContextBootstrapper] - Using TestExecutionListeners: [org.springframework.test.context.web.ServletTestExecutionListener@4dfa3a9d, org.springframework.test.context.support.DirtiesContextBeforeModesTestExecutionListener@6eebc39e, org.springframework.test.context.support.DependencyInjectionTestExecutionListener@464bee09, org.springframework.test.context.support.DirtiesContextTestExecutionListener@f6c48ac, org.springframework.test.context.transaction.TransactionalTestExecutionListener@13deb50e, org.springframework.test.context.jdbc.SqlScriptsTestExecutionListener@239963d8]
[INFO][main][2019-06-12 09:55:20][org.springframework.beans.factory.xml.XmlBeanDefinitionReader] - Loading XML bean definitions from class path resource [spring-mybatis.xml]
[INFO][main][2019-06-12 09:55:21][org.springframework.context.support.AbstractApplicationContext] - Refreshing org.springframework.context.support.GenericApplicationContext@185d8b6: startup date [Wed Jun 12 09:55:21 CST 2019]; root of context hierarchy
[INFO][main][2019-06-12 09:55:21][org.springframework.core.io.support.PropertiesLoaderSupport] - Loading properties file from class path resource [jdbc.properties]
[INFO][main][2019-06-12 09:55:21][org.springframework.beans.factory.annotation.AutowiredAnnotationBeanPostProcessor] - JSR-330 'javax.inject.Inject' annotation found and supported for autowiring
[INFO][Thread-0][2019-06-12 09:55:22][org.springframework.context.support.AbstractApplicationContext] - Closing org.springframework.context.support.GenericApplicationContext@185d8b6: startup date [Wed Jun 12 09:55:21 CST 2019]; root of context hierarchy
[INFO][main][2019-06-12 10:03:03][org.springframework.context.support.AbstractApplicationContext] - Refreshing org.springframework.context.support.FileSystemXmlApplicationContext@7a0ac6e3: startup date [Wed Jun 12 10:03:03 CST 2019]; root of context hierarchy
[INFO][main][2019-06-12 10:03:03][org.springframework.beans.factory.xml.XmlBeanDefinitionReader] - Loading XML bean definitions from file [D:\git\hq\..\WEB-INF\spring-mybatis.xml]
[INFO][main][2019-06-12 10:03:36][org.springframework.context.support.AbstractApplicationContext] - Refreshing org.springframework.context.support.FileSystemXmlApplicationContext@7a0ac6e3: startup date [Wed Jun 12 10:03:36 CST 2019]; root of context hierarchy
[INFO][main][2019-06-12 10:03:36][org.springframework.beans.factory.xml.XmlBeanDefinitionReader] - Loading XML bean definitions from file [D:\git\hq\target\hq\WEB-INF\classes\spring-mybatis.xml]
[INFO][main][2019-06-12 10:03:36][org.springframework.core.io.support.PropertiesLoaderSupport] - Loading properties file from class path resource [jdbc.properties]
[INFO][main][2019-06-12 10:03:36][org.springframework.beans.factory.annotation.AutowiredAnnotationBeanPostProcessor] - JSR-330 'javax.inject.Inject' annotation found and supported for autowiring
[INFO][main][2019-06-12 10:05:16][org.springframework.context.support.AbstractApplicationContext] - Refreshing org.springframework.context.support.FileSystemXmlApplicationContext@71be98f5: startup date [Wed Jun 12 10:05:16 CST 2019]; root of context hierarchy
[INFO][main][2019-06-12 10:05:16][org.springframework.beans.factory.xml.XmlBeanDefinitionReader] - Loading XML bean definitions from file [D:\git\hq\..\WEB-INF\spring-mybatis.xml]
[INFO][main][2019-06-12 10:05:31][org.springframework.context.support.AbstractApplicationContext] - Refreshing org.springframework.context.support.FileSystemXmlApplicationContext@7a0ac6e3: startup date [Wed Jun 12 10:05:31 CST 2019]; root of context hierarchy
[INFO][main][2019-06-12 10:05:31][org.springframework.beans.factory.xml.XmlBeanDefinitionReader] - Loading XML bean definitions from file [D:\git\hq\..\spring-mybatis.xml]
[INFO][main][2019-06-12 10:06:07][org.springframework.context.support.AbstractApplicationContext] - Refreshing org.springframework.context.support.FileSystemXmlApplicationContext@7a0ac6e3: startup date [Wed Jun 12 10:06:07 CST 2019]; root of context hierarchy
[INFO][main][2019-06-12 10:06:07][org.springframework.beans.factory.xml.XmlBeanDefinitionReader] - Loading XML bean definitions from file [D:\git\hq\target\hq\WEB-INF\classes\spring-mybatis.xml]
[INFO][main][2019-06-12 10:06:08][org.springframework.core.io.support.PropertiesLoaderSupport] - Loading properties file from class path resource [jdbc.properties]
[INFO][main][2019-06-12 10:06:08][org.springframework.beans.factory.annotation.AutowiredAnnotationBeanPostProcessor] - JSR-330 'javax.inject.Inject' annotation found and supported for autowiring
[INFO][main][2019-06-12 10:08:41][org.springframework.context.support.AbstractApplicationContext] - Refreshing org.springframework.context.support.FileSystemXmlApplicationContext@7a0ac6e3: startup date [Wed Jun 12 10:08:41 CST 2019]; root of context hierarchy
[INFO][main][2019-06-12 10:08:41][org.springframework.beans.factory.xml.XmlBeanDefinitionReader] - Loading XML bean definitions from file [D:\git\hq\target\hq\WEB-INF\classes\spring-mybatis.xml]
[INFO][main][2019-06-12 10:08:41][org.springframework.core.io.support.PropertiesLoaderSupport] - Loading properties file from class path resource [jdbc.properties]
[INFO][main][2019-06-12 10:08:41][org.springframework.beans.factory.annotation.AutowiredAnnotationBeanPostProcessor] - JSR-330 'javax.inject.Inject' annotation found and supported for autowiring
[INFO][main][2019-06-12 10:16:49][org.springframework.context.support.AbstractApplicationContext] - Refreshing org.springframework.context.support.FileSystemXmlApplicationContext@27c6e487: startup date [Wed Jun 12 10:16:49 CST 2019]; root of context hierarchy
[INFO][main][2019-06-12 10:16:49][org.springframework.beans.factory.xml.XmlBeanDefinitionReader] - Loading XML bean definitions from file [D:\git\hq\target\hq\WEB-INF\classes\spring-mybatis.xml]
[INFO][main][2019-06-12 10:16:50][org.springframework.core.io.support.PropertiesLoaderSupport] - Loading properties file from class path resource [jdbc.properties]
[INFO][main][2019-06-12 10:16:50][org.springframework.beans.factory.annotation.AutowiredAnnotationBeanPostProcessor] - JSR-330 'javax.inject.Inject' annotation found and supported for autowiring
